easy-cluster /home/andreas/ant/Github-repos_or_project_folders/protfrag/data/all_seqs.fasta mmseqs_easy /home/andreas/ant/Github-repos_or_project_folders/protfrag/mmseqs_tmp --min-seq-id 0.95 -c 0.8 

MMseqs Version:                     	18.8cc5c
Substitution matrix                 	aa:blosum62.out,nucl:nucleotide.out
Seed substitution matrix            	aa:VTML80.out,nucl:nucleotide.out
Sensitivity                         	4
k-mer length                        	0
Target search mode                  	0
k-score                             	seq:2147483647,prof:2147483647
Alphabet size                       	aa:21,nucl:5
Max sequence length                 	65535
Max results per query               	20
Split database                      	0
Split mode                          	2
Split memory limit                  	0
Coverage threshold                  	0.8
Coverage mode                       	0
Compositional bias                  	1
Compositional bias scale            	1
Diagonal scoring                    	true
Exact k-mer matching                	0
Mask residues                       	1
Mask residues probability           	0.9
Mask lower case residues            	0
Mask lower letter repeating N times 	0
Minimum diagonal score              	15
Selected taxa                       	
Include identical seq. id.          	false
Spaced k-mers                       	1
Preload mode                        	0
Pseudo count a                      	substitution:1.100,context:1.400
Pseudo count b                      	substitution:4.100,context:5.800
Spaced k-mer pattern                	
Local temporary path                	
Threads                             	12
Compressed                          	0
Verbosity                           	3
Add backtrace                       	false
Alignment mode                      	3
Alignment mode                      	0
Allow wrapped scoring               	false
E-value threshold                   	0.001
Seq. id. threshold                  	0.95
Min alignment length                	0
Seq. id. mode                       	0
Alternative alignments              	0
Max reject                          	2147483647
Max accept                          	2147483647
Score bias                          	0
Realign hits                        	false
Realign score bias                  	-0.2
Realign max seqs                    	2147483647
Correlation score weight            	0
Gap open cost                       	aa:11,nucl:5
Gap extension cost                  	aa:1,nucl:2
Zdrop                               	40
Rescore mode                        	0
Remove hits by seq. id. and coverage	false
Sort results                        	0
Cluster mode                        	0
Max connected component depth       	1000
Similarity type                     	2
Weight file name                    	
Cluster Weight threshold            	0.9
Single step clustering              	false
Cascaded clustering steps           	3
Cluster reassign                    	false
Remove temporary files              	true
Force restart with latest tmp       	false
MPI runner                          	
k-mers per sequence                 	21
Scale k-mers per sequence           	aa:0.000,nucl:0.200
Adjust k-mer length                 	false
Shift hash                          	67
Include only extendable             	false
Skip repeating k-mers               	false
Database type                       	0
Shuffle input database              	true
Createdb mode                       	1
Write lookup file                   	0
Offset of numeric ids               	0
Use GPU                             	0

createdb /home/andreas/ant/Github-repos_or_project_folders/protfrag/data/all_seqs.fasta /home/andreas/ant/Github-repos_or_project_folders/protfrag/mmseqs_tmp/14644692183873700852/input --createdb-mode 1 --write-lookup 0 

Shuffle database cannot be combined with --createdb-mode 1
We recompute with --shuffle 0
Converting sequences
[
Time for merging to input_h: 0h 0m 0s 0ms
Time for merging to input: 0h 0m 0s 0ms
Database type: Aminoacid
Time for processing: 0h 0m 0s 6ms
Create directory /home/andreas/ant/Github-repos_or_project_folders/protfrag/mmseqs_tmp/14644692183873700852/clu_tmp
cluster /home/andreas/ant/Github-repos_or_project_folders/protfrag/mmseqs_tmp/14644692183873700852/input /home/andreas/ant/Github-repos_or_project_folders/protfrag/mmseqs_tmp/14644692183873700852/clu /home/andreas/ant/Github-repos_or_project_folders/protfrag/mmseqs_tmp/14644692183873700852/clu_tmp --max-seqs 20 -c 0.8 --spaced-kmer-mode 1 --alignment-mode 3 -e 0.001 --min-seq-id 0.95 --remove-tmp-files 1 

Set cluster sensitivity to -s 1.000000
Set cluster mode SET COVER
Set cluster iterations to 1
linclust /home/andreas/ant/Github-repos_or_project_folders/protfrag/mmseqs_tmp/14644692183873700852/input /home/andreas/ant/Github-repos_or_project_folders/protfrag/mmseqs_tmp/14644692183873700852/clu_tmp/11481631433083161435/clu_redundancy /home/andreas/ant/Github-repos_or_project_folders/protfrag/mmseqs_tmp/14644692183873700852/clu_tmp/11481631433083161435/linclust --cluster-mode 0 --max-iterations 1000 --similarity-type 2 --threads 12 --compressed 0 -v 3 --cluster-weight-threshold 0.9 --sub-mat 'aa:blosum62.out,nucl:nucleotide.out' -a 0 --alignment-mode 3 --alignment-output-mode 0 --wrapped-scoring 0 -e 0.001 --min-seq-id 0.95 --min-aln-len 0 --seq-id-mode 0 --alt-ali 0 -c 0.8 --cov-mode 0 --max-seq-len 65535 --comp-bias-corr 0 --comp-bias-corr-scale 1 --max-rejected 2147483647 --max-accept 2147483647 --add-self-matches 0 --db-load-mode 0 --pca substitution:1.100,context:1.400 --pcb substitution:4.100,context:5.800 --score-bias 0 --realign 0 --realign-score-bias -0.2 --realign-max-seqs 2147483647 --corr-score-weight 0 --gap-open aa:11,nucl:5 --gap-extend aa:1,nucl:2 --zdrop 40 --alph-size aa:13,nucl:5 --kmer-per-seq 21 --spaced-kmer-mode 1 --kmer-per-seq-scale aa:0.000,nucl:0.200 --adjust-kmer-len 0 --mask 0 --mask-prob 0.9 --mask-lower-case 0 --mask-n-repeat 0 -k 0 --hash-shift 67 --split-memory-limit 0 --include-only-extendable 0 --ignore-multi-kmer 0 --rescore-mode 0 --filter-hits 0 --sort-results 0 --remove-tmp-files 1 --force-reuse 0 

kmermatcher /home/andreas/ant/Github-repos_or_project_folders/protfrag/mmseqs_tmp/14644692183873700852/input /home/andreas/ant/Github-repos_or_project_folders/protfrag/mmseqs_tmp/14644692183873700852/clu_tmp/11481631433083161435/linclust/14553390488607119114/pref --sub-mat 'aa:blosum62.out,nucl:nucleotide.out' --alph-size aa:13,nucl:5 --min-seq-id 0.95 --kmer-per-seq 21 --spaced-kmer-mode 1 --kmer-per-seq-scale aa:0.000,nucl:0.200 --adjust-kmer-len 0 --mask 0 --mask-prob 0.9 --mask-lower-case 0 --mask-n-repeat 0 --cov-mode 0 -k 0 -c 0.8 --max-seq-len 65535 --hash-shift 67 --split-memory-limit 0 --include-only-extendable 0 --ignore-multi-kmer 0 --threads 12 --compressed 0 -v 3 --cluster-weight-threshold 0.9 

kmermatcher /home/andreas/ant/Github-repos_or_project_folders/protfrag/mmseqs_tmp/14644692183873700852/input /home/andreas/ant/Github-repos_or_project_folders/protfrag/mmseqs_tmp/14644692183873700852/clu_tmp/11481631433083161435/linclust/14553390488607119114/pref --sub-mat 'aa:blosum62.out,nucl:nucleotide.out' --alph-size aa:13,nucl:5 --min-seq-id 0.95 --kmer-per-seq 21 --spaced-kmer-mode 1 --kmer-per-seq-scale aa:0.000,nucl:0.200 --adjust-kmer-len 0 --mask 0 --mask-prob 0.9 --mask-lower-case 0 --mask-n-repeat 0 --cov-mode 0 -k 0 -c 0.8 --max-seq-len 65535 --hash-shift 67 --split-memory-limit 0 --include-only-extendable 0 --ignore-multi-kmer 0 --threads 12 --compressed 0 -v 3 --cluster-weight-threshold 0.9 

Database size: 1000 type: Aminoacid
Reduced amino acid alphabet: (A S T) (C) (D B N) (E Q Z) (F Y) (G) (H) (I V) (K R) (L J M) (P) (W) (X) 

Generate k-mers list for 1 split
[=================================================================] 1.00K 0s 5ms
Sort kmer 0h 0m 0s 7ms
Sort by rep. sequence 0h 0m 0s 0ms
Time for fill: 0h 0m 0s 0ms
Time for merging to pref: 0h 0m 0s 0ms
Time for processing: 0h 0m 0s 34ms
rescorediagonal /home/andreas/ant/Github-repos_or_project_folders/protfrag/mmseqs_tmp/14644692183873700852/input /home/andreas/ant/Github-repos_or_project_folders/protfrag/mmseqs_tmp/14644692183873700852/input /home/andreas/ant/Github-repos_or_project_folders/protfrag/mmseqs_tmp/14644692183873700852/clu_tmp/11481631433083161435/linclust/14553390488607119114/pref /home/andreas/ant/Github-repos_or_project_folders/protfrag/mmseqs_tmp/14644692183873700852/clu_tmp/11481631433083161435/linclust/14553390488607119114/pref_rescore1 --sub-mat 'aa:blosum62.out,nucl:nucleotide.out' --rescore-mode 0 --wrapped-scoring 0 --filter-hits 0 -e 0.001 -c 0.8 -a 0 --cov-mode 0 --min-seq-id 0.95 --min-aln-len 0 --seq-id-mode 0 --add-self-matches 0 --sort-results 0 --db-load-mode 0 --threads 12 --compressed 0 -v 3 

[================================================================] 1.00K =0s 4ms
Time for merging to pref_rescore1: 0h 0m 0s 0ms
Time for processing: 0h 0m 0s 20ms
clust /home/andreas/ant/Github-repos_or_project_folders/protfrag/mmseqs_tmp/14644692183873700852/input /home/andreas/ant/Github-repos_or_project_folders/protfrag/mmseqs_tmp/14644692183873700852/clu_tmp/11481631433083161435/linclust/14553390488607119114/pref_rescore1 /home/andreas/ant/Github-repos_or_project_folders/protfrag/mmseqs_tmp/14644692183873700852/clu_tmp/11481631433083161435/linclust/14553390488607119114/pre_clust --cluster-mode 0 --max-iterations 1000 --similarity-type 2 --threads 12 --compressed 0 -v 3 --cluster-weight-threshold 0.9 

Clustering mode: Set Cover
[=================================================================] 1.00K 0s 6ms
Sort entries
Find missing connections
Found 17 new connections.
Reconstruct initial order
[=================================================================] 1.00K 0s 4ms
Add missing connections
[=================================================================] 1.00K 0s 0ms

Time for read in: 0h 0m 0s 36ms
Total time: 0h 0m 0s 48ms

Size of the sequence database: 1000
Size of the alignment database: 1000
Number of clusters: 987

Writing results 0h 0m 0s 0ms
Time for merging to pre_clust: 0h 0m 0s 0ms
Time for processing: 0h 0m 0s 49ms
createsubdb /home/andreas/ant/Github-repos_or_project_folders/protfrag/mmseqs_tmp/14644692183873700852/clu_tmp/11481631433083161435/linclust/14553390488607119114/order_redundancy /home/andreas/ant/Github-repos_or_project_folders/protfrag/mmseqs_tmp/14644692183873700852/input /home/andreas/ant/Github-repos_or_project_folders/protfrag/mmseqs_tmp/14644692183873700852/clu_tmp/11481631433083161435/linclust/14553390488607119114/input_step_redundancy -v 3 --subdb-mode 1 

Time for merging to input_step_redundancy: 0h 0m 0s 0ms
Time for processing: 0h 0m 0s 1ms
createsubdb /home/andreas/ant/Github-repos_or_project_folders/protfrag/mmseqs_tmp/14644692183873700852/clu_tmp/11481631433083161435/linclust/14553390488607119114/order_redundancy /home/andreas/ant/Github-repos_or_project_folders/protfrag/mmseqs_tmp/14644692183873700852/clu_tmp/11481631433083161435/linclust/14553390488607119114/pref /home/andreas/ant/Github-repos_or_project_folders/protfrag/mmseqs_tmp/14644692183873700852/clu_tmp/11481631433083161435/linclust/14553390488607119114/pref_filter1 -v 3 --subdb-mode 1 

Time for merging to pref_filter1: 0h 0m 0s 0ms
Time for processing: 0h 0m 0s 0ms
filterdb /home/andreas/ant/Github-repos_or_project_folders/protfrag/mmseqs_tmp/14644692183873700852/clu_tmp/11481631433083161435/linclust/14553390488607119114/pref_filter1 /home/andreas/ant/Github-repos_or_project_folders/protfrag/mmseqs_tmp/14644692183873700852/clu_tmp/11481631433083161435/linclust/14553390488607119114/pref_filter2 --filter-file /home/andreas/ant/Github-repos_or_project_folders/protfrag/mmseqs_tmp/14644692183873700852/clu_tmp/11481631433083161435/linclust/14553390488607119114/order_redundancy --threads 12 --compressed 0 -v 3 

Filtering using file(s)
[=================================================================] 987 0s 6ms
Time for merging to pref_filter2: 0h 0m 0s 0ms
Time for processing: 0h 0m 0s 12ms
rescorediagonal /home/andreas/ant/Github-repos_or_project_folders/protfrag/mmseqs_tmp/14644692183873700852/clu_tmp/11481631433083161435/linclust/14553390488607119114/input_step_redundancy /home/andreas/ant/Github-repos_or_project_folders/protfrag/mmseqs_tmp/14644692183873700852/clu_tmp/11481631433083161435/linclust/14553390488607119114/input_step_redundancy /home/andreas/ant/Github-repos_or_project_folders/protfrag/mmseqs_tmp/14644692183873700852/clu_tmp/11481631433083161435/linclust/14553390488607119114/pref_filter2 /home/andreas/ant/Github-repos_or_project_folders/protfrag/mmseqs_tmp/14644692183873700852/clu_tmp/11481631433083161435/linclust/14553390488607119114/pref_rescore2 --sub-mat 'aa:blosum62.out,nucl:nucleotide.out' --rescore-mode 1 --wrapped-scoring 0 --filter-hits 1 -e 0.001 -c 0.8 -a 0 --cov-mode 0 --min-seq-id 0.95 --min-aln-len 0 --seq-id-mode 0 --add-self-matches 0 --sort-results 0 --db-load-mode 0 --threads 12 --compressed 0 -v 3 

[================================================================] 987 0s 4ms
=Time for merging to pref_rescore2: 0h 0m 0s 0ms
Time for processing: 0h 0m 0s 8ms
align /home/andreas/ant/Github-repos_or_project_folders/protfrag/mmseqs_tmp/14644692183873700852/clu_tmp/11481631433083161435/linclust/14553390488607119114/input_step_redundancy /home/andreas/ant/Github-repos_or_project_folders/protfrag/mmseqs_tmp/14644692183873700852/clu_tmp/11481631433083161435/linclust/14553390488607119114/input_step_redundancy /home/andreas/ant/Github-repos_or_project_folders/protfrag/mmseqs_tmp/14644692183873700852/clu_tmp/11481631433083161435/linclust/14553390488607119114/pref_rescore2 /home/andreas/ant/Github-repos_or_project_folders/protfrag/mmseqs_tmp/14644692183873700852/clu_tmp/11481631433083161435/linclust/14553390488607119114/aln --sub-mat 'aa:blosum62.out,nucl:nucleotide.out' -a 0 --alignment-mode 3 --alignment-output-mode 0 --wrapped-scoring 0 -e 0.001 --min-seq-id 0.95 --min-aln-len 0 --seq-id-mode 0 --alt-ali 0 -c 0.8 --cov-mode 0 --max-seq-len 65535 --comp-bias-corr 0 --comp-bias-corr-scale 1 --max-rejected 2147483647 --max-accept 2147483647 --add-self-matches 0 --db-load-mode 0 --pca substitution:1.100,context:1.400 --pcb substitution:4.100,context:5.800 --score-bias 0 --realign 0 --realign-score-bias -0.2 --realign-max-seqs 2147483647 --corr-score-weight 0 --gap-open aa:11,nucl:5 --gap-extend aa:1,nucl:2 --zdrop 40 --threads 12 --compressed 0 -v 3 

Compute score, coverage and sequence identity
Query database size: 987 type: Aminoacid
Target database size: 987 type: Aminoacid
Calculation of alignments
[=================================================================] 987 0s 13ms
Time for merging to aln: 0h 0m 0s 1ms
1016 alignments calculated
988 sequence pairs passed the thresholds (0.972441 of overall calculated)
1.001013 hits per query sequence
Time for processing: 0h 0m 0s 20ms
clust /home/andreas/ant/Github-repos_or_project_folders/protfrag/mmseqs_tmp/14644692183873700852/clu_tmp/11481631433083161435/linclust/14553390488607119114/input_step_redundancy /home/andreas/ant/Github-repos_or_project_folders/protfrag/mmseqs_tmp/14644692183873700852/clu_tmp/11481631433083161435/linclust/14553390488607119114/aln /home/andreas/ant/Github-repos_or_project_folders/protfrag/mmseqs_tmp/14644692183873700852/clu_tmp/11481631433083161435/linclust/14553390488607119114/clust --cluster-mode 0 --max-iterations 1000 --similarity-type 2 --threads 12 --compressed 0 -v 3 --cluster-weight-threshold 0.9 

Clustering mode: Set Cover
===[==============================================================] 987 0s 4ms
Sort entries
Find missing connections
Found 1 new connections.
Reconstruct initial order
[=================================================================] 987 0s 6ms
Add missing connections
[=================================================================] 987 0s 0ms

Time for read in: 0h 0m 0s 20ms
Total time: 0h 0m 0s 24ms

Size of the sequence database: 987
Size of the alignment database: 987
Number of clusters: 986

Writing results 0h 0m 0s 0ms
Time for merging to clust: 0h 0m 0s 0ms
Time for processing: 0h 0m 0s 25ms
mergeclusters /home/andreas/ant/Github-repos_or_project_folders/protfrag/mmseqs_tmp/14644692183873700852/input /home/andreas/ant/Github-repos_or_project_folders/protfrag/mmseqs_tmp/14644692183873700852/clu_tmp/11481631433083161435/clu_redundancy /home/andreas/ant/Github-repos_or_project_folders/protfrag/mmseqs_tmp/14644692183873700852/clu_tmp/11481631433083161435/linclust/14553390488607119114/pre_clust /home/andreas/ant/Github-repos_or_project_folders/protfrag/mmseqs_tmp/14644692183873700852/clu_tmp/11481631433083161435/linclust/14553390488607119114/clust --threads 12 --compressed 0 -v 3 

Clustering step 1
[=================================================================] 987 0s 0ms
Clustering step 2
[=================================================================] 986 0s 12ms
Write merged clustering
[=================================================================] 1.00K 0s 24ms
Time for merging to clu_redundancy: 0h 0m 0s 1ms
Time for processing: 0h 0m 0s 28ms
rmdb /home/andreas/ant/Github-repos_or_project_folders/protfrag/mmseqs_tmp/14644692183873700852/clu_tmp/11481631433083161435/linclust/14553390488607119114/pref_filter1 -v 3 

Time for processing: 0h 0m 0s 0ms
rmdb /home/andreas/ant/Github-repos_or_project_folders/protfrag/mmseqs_tmp/14644692183873700852/clu_tmp/11481631433083161435/linclust/14553390488607119114/pref -v 3 

Time for processing: 0h 0m 0s 0ms
rmdb /home/andreas/ant/Github-repos_or_project_folders/protfrag/mmseqs_tmp/14644692183873700852/clu_tmp/11481631433083161435/linclust/14553390488607119114/pref_rescore1 -v 3 

Time for processing: 0h 0m 0s 0ms
rmdb /home/andreas/ant/Github-repos_or_project_folders/protfrag/mmseqs_tmp/14644692183873700852/clu_tmp/11481631433083161435/linclust/14553390488607119114/pre_clust -v 3 

Time for processing: 0h 0m 0s 0ms
rmdb /home/andreas/ant/Github-repos_or_project_folders/protfrag/mmseqs_tmp/14644692183873700852/clu_tmp/11481631433083161435/linclust/14553390488607119114/input_step_redundancy -v 3 

Time for processing: 0h 0m 0s 0ms
rmdb /home/andreas/ant/Github-repos_or_project_folders/protfrag/mmseqs_tmp/14644692183873700852/clu_tmp/11481631433083161435/linclust/14553390488607119114/input_step_redundancy_h -v 3 

Time for processing: 0h 0m 0s 0ms
rmdb /home/andreas/ant/Github-repos_or_project_folders/protfrag/mmseqs_tmp/14644692183873700852/clu_tmp/11481631433083161435/linclust/14553390488607119114/pref_filter2 -v 3 

Time for processing: 0h 0m 0s 0ms
rmdb /home/andreas/ant/Github-repos_or_project_folders/protfrag/mmseqs_tmp/14644692183873700852/clu_tmp/11481631433083161435/linclust/14553390488607119114/pref_rescore2 -v 3 

Time for processing: 0h 0m 0s 0ms
rmdb /home/andreas/ant/Github-repos_or_project_folders/protfrag/mmseqs_tmp/14644692183873700852/clu_tmp/11481631433083161435/linclust/14553390488607119114/aln -v 3 

Time for processing: 0h 0m 0s 0ms
rmdb /home/andreas/ant/Github-repos_or_project_folders/protfrag/mmseqs_tmp/14644692183873700852/clu_tmp/11481631433083161435/linclust/14553390488607119114/clust -v 3 

Time for processing: 0h 0m 0s 0ms
createsubdb /home/andreas/ant/Github-repos_or_project_folders/protfrag/mmseqs_tmp/14644692183873700852/clu_tmp/11481631433083161435/clu_redundancy /home/andreas/ant/Github-repos_or_project_folders/protfrag/mmseqs_tmp/14644692183873700852/input /home/andreas/ant/Github-repos_or_project_folders/protfrag/mmseqs_tmp/14644692183873700852/clu_tmp/11481631433083161435/input_step_redundancy -v 3 --subdb-mode 1 

Time for merging to input_step_redundancy: 0h 0m 0s 0ms
Time for processing: 0h 0m 0s 1ms
prefilter /home/andreas/ant/Github-repos_or_project_folders/protfrag/mmseqs_tmp/14644692183873700852/clu_tmp/11481631433083161435/input_step_redundancy /home/andreas/ant/Github-repos_or_project_folders/protfrag/mmseqs_tmp/14644692183873700852/clu_tmp/11481631433083161435/input_step_redundancy /home/andreas/ant/Github-repos_or_project_folders/protfrag/mmseqs_tmp/14644692183873700852/clu_tmp/11481631433083161435/pref_step0 --sub-mat 'aa:blosum62.out,nucl:nucleotide.out' --seed-sub-mat 'aa:VTML80.out,nucl:nucleotide.out' -s 1 -k 0 --target-search-mode 0 --k-score seq:2147483647,prof:2147483647 --alph-size aa:21,nucl:5 --max-seq-len 65535 --max-seqs 20 --split 0 --split-mode 2 --split-memory-limit 0 -c 0.8 --cov-mode 0 --comp-bias-corr 0 --comp-bias-corr-scale 1 --diag-score 0 --exact-kmer-matching 0 --mask 1 --mask-prob 0.9 --mask-lower-case 0 --mask-n-repeat 0 --min-ungapped-score 0 --add-self-matches 0 --spaced-kmer-mode 1 --db-load-mode 0 --pca substitution:1.100,context:1.400 --pcb substitution:4.100,context:5.800 --threads 12 --compressed 0 -v 3 

Query database size: 986 type: Aminoacid
Estimated memory consumption: 981M
Target database size: 986 type: Aminoacid
Index table k-mer threshold: 154 at k-mer size 6 
Index table: counting k-mers
[=================================================================] 986 0s 14ms
Index table: Masked residues: 22428
Index table: fill
[=================================================================] 986 0s 13ms
Index statistics
Entries:          237763
DB size:          489 MB
Avg k-mer size:   0.003715
Top 10 k-mers
    DDNLCF	12
    EEFEYE	11
    CFEDEF	11
    TPDLCC	10
    AVMHGH	10
    CYGGGT	10
    LMYPGA	9
    NYTNGC	9
    DCRACF	9
    ATNPSF	9
Time for index table init: 0h 0m 0s 439ms
Process prefiltering step 1 of 1

k-mer similarity threshold: 154
Starting prefiltering scores calculation (step 1 of 1)
Query db start 1 to 986
Target db start 1 to 986
[=================================================================] 986 0s 32ms

2.909783 k-mers per position
300 DB matches per sequence
0 overflows
2 sequences passed prefiltering per query sequence
1 median result list length
0 sequences with 0 size result lists
Time for merging to pref_step0: 0h 0m 0s 1ms
Time for processing: 0h 0m 0s 809ms
align /home/andreas/ant/Github-repos_or_project_folders/protfrag/mmseqs_tmp/14644692183873700852/clu_tmp/11481631433083161435/input_step_redundancy /home/andreas/ant/Github-repos_or_project_folders/protfrag/mmseqs_tmp/14644692183873700852/clu_tmp/11481631433083161435/input_step_redundancy /home/andreas/ant/Github-repos_or_project_folders/protfrag/mmseqs_tmp/14644692183873700852/clu_tmp/11481631433083161435/pref_step0 /home/andreas/ant/Github-repos_or_project_folders/protfrag/mmseqs_tmp/14644692183873700852/clu_tmp/11481631433083161435/aln_step0 --sub-mat 'aa:blosum62.out,nucl:nucleotide.out' -a 0 --alignment-mode 3 --alignment-output-mode 0 --wrapped-scoring 0 -e 0.001 --min-seq-id 0.95 --min-aln-len 0 --seq-id-mode 0 --alt-ali 0 -c 0.8 --cov-mode 0 --max-seq-len 65535 --comp-bias-corr 0 --comp-bias-corr-scale 1 --max-rejected 2147483647 --max-accept 2147483647 --add-self-matches 0 --db-load-mode 0 --pca substitution:1.100,context:1.400 --pcb substitution:4.100,context:5.800 --score-bias 0 --realign 0 --realign-score-bias -0.2 --realign-max-seqs 2147483647 --corr-score-weight 0 --gap-open aa:11,nucl:5 --gap-extend aa:1,nucl:2 --zdrop 40 --threads 12 --compressed 0 -v 3 

Compute score, coverage and sequence identity
Query database size: 986 type: Aminoacid
Target database size: 986 type: Aminoacid
Calculation of alignments
[=================================================================] 986 0s 53ms
Time for merging to aln_step0: 0h 0m 0s 1ms
1553 alignments calculated
990 sequence pairs passed the thresholds (0.637476 of overall calculated)
1.004057 hits per query sequence
Time for processing: 0h 0m 0s 66ms
clust /home/andreas/ant/Github-repos_or_project_folders/protfrag/mmseqs_tmp/14644692183873700852/clu_tmp/11481631433083161435/input_step_redundancy /home/andreas/ant/Github-repos_or_project_folders/protfrag/mmseqs_tmp/14644692183873700852/clu_tmp/11481631433083161435/aln_step0 /home/andreas/ant/Github-repos_or_project_folders/protfrag/mmseqs_tmp/14644692183873700852/clu_tmp/11481631433083161435/clu_step0 --cluster-mode 0 --max-iterations 1000 --similarity-type 2 --threads 12 --compressed 0 -v 3 --cluster-weight-threshold 0.9 

Clustering mode: Set Cover
=[================================================================] 986 0s 5ms
Sort entries
Find missing connections
Found 0 new connections.
Reconstruct initial order
[=================================================================] 986 0s 4ms
Add missing connections
[=================================================================] 986 0s 0ms

Time for read in: 0h 0m 0s 25ms
Total time: 0h 0m 0s 43ms

Size of the sequence database: 986
Size of the alignment database: 986
Number of clusters: 984

Writing results 0h 0m 0s 0ms
Time for merging to clu_step0: 0h 0m 0s 0ms
Time for processing: 0h 0m 0s 46ms
mergeclusters /home/andreas/ant/Github-repos_or_project_folders/protfrag/mmseqs_tmp/14644692183873700852/input /home/andreas/ant/Github-repos_or_project_folders/protfrag/mmseqs_tmp/14644692183873700852/clu /home/andreas/ant/Github-repos_or_project_folders/protfrag/mmseqs_tmp/14644692183873700852/clu_tmp/11481631433083161435/clu_redundancy /home/andreas/ant/Github-repos_or_project_folders/protfrag/mmseqs_tmp/14644692183873700852/clu_tmp/11481631433083161435/clu_step0 --threads 12 --compressed 0 -v 3 

Clustering step 1
[=================================================================] 986 0s 7ms
Clustering step 2
[=================================================================] 984 0s 24ms
Write merged clustering
[=================================================================] 1.00K 0s 27ms
Time for merging to clu: 0h 0m 0s 2ms
Time for processing: 0h 0m 0s 31ms
rmdb /home/andreas/ant/Github-repos_or_project_folders/protfrag/mmseqs_tmp/14644692183873700852/clu_tmp/11481631433083161435/clu_redundancy -v 3 

Time for processing: 0h 0m 0s 0ms
rmdb /home/andreas/ant/Github-repos_or_project_folders/protfrag/mmseqs_tmp/14644692183873700852/clu_tmp/11481631433083161435/input_step_redundancy -v 3 

Time for processing: 0h 0m 0s 0ms
rmdb /home/andreas/ant/Github-repos_or_project_folders/protfrag/mmseqs_tmp/14644692183873700852/clu_tmp/11481631433083161435/input_step_redundancy_h -v 3 

Time for processing: 0h 0m 0s 0ms
rmdb /home/andreas/ant/Github-repos_or_project_folders/protfrag/mmseqs_tmp/14644692183873700852/clu_tmp/11481631433083161435/pref_step0 -v 3 

Time for processing: 0h 0m 0s 0ms
rmdb /home/andreas/ant/Github-repos_or_project_folders/protfrag/mmseqs_tmp/14644692183873700852/clu_tmp/11481631433083161435/aln_step0 -v 3 

Time for processing: 0h 0m 0s 0ms
rmdb /home/andreas/ant/Github-repos_or_project_folders/protfrag/mmseqs_tmp/14644692183873700852/clu_tmp/11481631433083161435/clu_step0 -v 3 

Time for processing: 0h 0m 0s 0ms
createtsv /home/andreas/ant/Github-repos_or_project_folders/protfrag/mmseqs_tmp/14644692183873700852/input /home/andreas/ant/Github-repos_or_project_folders/protfrag/mmseqs_tmp/14644692183873700852/input /home/andreas/ant/Github-repos_or_project_folders/protfrag/mmseqs_tmp/14644692183873700852/clu /home/andreas/ant/Github-repos_or_project_folders/protfrag/mmseqs_tmp/14644692183873700852/cluster.tsv --threads 12 -v 3 

Time for merging to cluster.tsv: 0h 0m 0s 1ms
Time for processing: 0h 0m 0s 11ms
result2repseq /home/andreas/ant/Github-repos_or_project_folders/protfrag/mmseqs_tmp/14644692183873700852/input /home/andreas/ant/Github-repos_or_project_folders/protfrag/mmseqs_tmp/14644692183873700852/clu /home/andreas/ant/Github-repos_or_project_folders/protfrag/mmseqs_tmp/14644692183873700852/clu_rep --db-load-mode 0 --compressed 0 --threads 12 -v 3 

============[=====================================================] 984 0s 11ms
Time for merging to clu_rep: 0h 0m 0s 1ms
Time for processing: 0h 0m 0s 15ms
result2flat /home/andreas/ant/Github-repos_or_project_folders/protfrag/mmseqs_tmp/14644692183873700852/input /home/andreas/ant/Github-repos_or_project_folders/protfrag/mmseqs_tmp/14644692183873700852/input /home/andreas/ant/Github-repos_or_project_folders/protfrag/mmseqs_tmp/14644692183873700852/clu_rep /home/andreas/ant/Github-repos_or_project_folders/protfrag/mmseqs_tmp/14644692183873700852/rep_seq.fasta --use-fasta-header -v 3 

Time for processing: 0h 0m 0s 2ms
createseqfiledb /home/andreas/ant/Github-repos_or_project_folders/protfrag/mmseqs_tmp/14644692183873700852/input /home/andreas/ant/Github-repos_or_project_folders/protfrag/mmseqs_tmp/14644692183873700852/clu /home/andreas/ant/Github-repos_or_project_folders/protfrag/mmseqs_tmp/14644692183873700852/clu_seqs --threads 12 -v 3 

[=================================================================] 984 0s 6ms
Time for merging to clu_seqs: 0h 0m 0s 0ms
Time for processing: 0h 0m 0s 10ms
result2flat /home/andreas/ant/Github-repos_or_project_folders/protfrag/mmseqs_tmp/14644692183873700852/input /home/andreas/ant/Github-repos_or_project_folders/protfrag/mmseqs_tmp/14644692183873700852/input /home/andreas/ant/Github-repos_or_project_folders/protfrag/mmseqs_tmp/14644692183873700852/clu_seqs /home/andreas/ant/Github-repos_or_project_folders/protfrag/mmseqs_tmp/14644692183873700852/all_seqs.fasta -v 3 

Time for processing: 0h 0m 0s 1ms
rmdb /home/andreas/ant/Github-repos_or_project_folders/protfrag/mmseqs_tmp/14644692183873700852/input -v 3 

Time for processing: 0h 0m 0s 0ms
rmdb /home/andreas/ant/Github-repos_or_project_folders/protfrag/mmseqs_tmp/14644692183873700852/input_h -v 3 

Time for processing: 0h 0m 0s 0ms
rmdb /home/andreas/ant/Github-repos_or_project_folders/protfrag/mmseqs_tmp/14644692183873700852/clu_seqs -v 3 

Time for processing: 0h 0m 0s 0ms
rmdb /home/andreas/ant/Github-repos_or_project_folders/protfrag/mmseqs_tmp/14644692183873700852/clu_rep -v 3 

Time for processing: 0h 0m 0s 0ms
rmdb /home/andreas/ant/Github-repos_or_project_folders/protfrag/mmseqs_tmp/14644692183873700852/clu -v 3 

Time for processing: 0h 0m 0s 0ms
